<?xml version="1.0" encoding="UTF-8"?>
<!-- Generated by org.testng.reporters.JUnitReportReporter -->
<testsuite hostname="LAPTOP-FE8I8AGL" failures="0" tests="3" name="com.qa.flights.tests.LoginPageTest" time="2.144" errors="0" timestamp="2024-05-13T19:32:15 IST" skipped="0">
  <testcase classname="com.qa.flights.tests.LoginPageTest" name="getLoginPageTitleTest" time="0.089"/>
  <testcase classname="com.qa.flights.tests.LoginPageTest" name="verifyForgotPwdLinkTest" time="0.119"/>
  <testcase classname="com.qa.flights.tests.LoginPageTest" name="LoginToAppTest" time="1.936"/>
</testsuite> <!-- com.qa.flights.tests.LoginPageTest -->
